E:\VISUAL STUDIO PROJECTS\CTACTICSRPG\CTACTICSRPG\DEBUG\CAMERA.OBJ
E:\VISUAL STUDIO PROJECTS\CTACTICSRPG\CTACTICSRPG\DEBUG\CAMERAHANDLER.OBJ
E:\Visual Studio Projects\CTacticsRPG\CTacticsRPG\Debug\cl.command.1.tlog
E:\Visual Studio Projects\CTacticsRPG\CTacticsRPG\Debug\CL.read.1.tlog
E:\Visual Studio Projects\CTacticsRPG\CTacticsRPG\Debug\CL.write.1.tlog
E:\Visual Studio Projects\CTacticsRPG\CTacticsRPG\Debug\CTacticsRPG.exe.intermediate.manifest
E:\VISUAL STUDIO PROJECTS\CTACTICSRPG\CTACTICSRPG\DEBUG\EVENTHANDLER.OBJ
E:\VISUAL STUDIO PROJECTS\CTACTICSRPG\CTACTICSRPG\DEBUG\GAME.OBJ
E:\VISUAL STUDIO PROJECTS\CTACTICSRPG\CTACTICSRPG\DEBUG\GAMEGUI.OBJ
E:\VISUAL STUDIO PROJECTS\CTACTICSRPG\CTACTICSRPG\DEBUG\GAMESTATE.OBJ
E:\VISUAL STUDIO PROJECTS\CTACTICSRPG\CTACTICSRPG\DEBUG\GRAPHICSFRAMEWORK.OBJ
E:\VISUAL STUDIO PROJECTS\CTACTICSRPG\CTACTICSRPG\DEBUG\KEYBOARDHANDLER.OBJ
E:\Visual Studio Projects\CTacticsRPG\CTacticsRPG\Debug\link.command.1.tlog
E:\Visual Studio Projects\CTacticsRPG\CTacticsRPG\Debug\link.read.1.tlog
E:\Visual Studio Projects\CTacticsRPG\CTacticsRPG\Debug\link.write.1.tlog
E:\VISUAL STUDIO PROJECTS\CTACTICSRPG\CTACTICSRPG\DEBUG\MAIN.OBJ
E:\VISUAL STUDIO PROJECTS\CTACTICSRPG\CTACTICSRPG\DEBUG\MOUSEHANDLER.OBJ
E:\Visual Studio Projects\CTacticsRPG\CTacticsRPG\Debug\mt.command.1.tlog
E:\Visual Studio Projects\CTacticsRPG\CTacticsRPG\Debug\mt.read.1.tlog
E:\Visual Studio Projects\CTacticsRPG\CTacticsRPG\Debug\mt.write.1.tlog
E:\VISUAL STUDIO PROJECTS\CTACTICSRPG\CTACTICSRPG\DEBUG\PRIMITIVESFRAMEWORK.OBJ
E:\VISUAL STUDIO PROJECTS\CTACTICSRPG\CTACTICSRPG\DEBUG\RESOURCEHANDLER.OBJ
E:\VISUAL STUDIO PROJECTS\CTACTICSRPG\CTACTICSRPG\DEBUG\TEXTUREDOBJECT.OBJ
E:\VISUAL STUDIO PROJECTS\CTACTICSRPG\CTACTICSRPG\DEBUG\TILE.OBJ
E:\VISUAL STUDIO PROJECTS\CTACTICSRPG\CTACTICSRPG\DEBUG\TILEMAP.OBJ
E:\Visual Studio Projects\CTacticsRPG\CTacticsRPG\Debug\vc100.idb
E:\VISUAL STUDIO PROJECTS\CTACTICSRPG\CTACTICSRPG\DEBUG\VC100.PDB
E:\VISUAL STUDIO PROJECTS\CTACTICSRPG\DEBUG\CTACTICSRPG.EXE
E:\Visual Studio Projects\CTacticsRPG\Debug\CTacticsRPG.pdb
