Build started 2012-11-09 20:03:10.
     1>Project "C:\Users\Joxe\CTacticsRPG\CTacticsRPG\CTacticsRPG\CTacticsRPG.vcxproj" on node 2 (build target(s)).
     1>InitializeBuildStatus:
         Touching "Debug\CTacticsRPG.unsuccessfulbuild".
       ClCompile:
         C:\Program Files (x86)\Microsoft Visual Studio 10.0\VC\bin\CL.exe /c /ZI /nologo /W3 /WX- /Od /Oy- /D _MBCS /Gm /EHsc /RTC1 /MDd /GS /fp:precise /Zc:wchar_t /Zc:forScope /Fo"Debug\\" /Fd"Debug\vc100.pdb" /Gd /TP /analyze- /errorReport:prompt Button.cpp
         Button.cpp
       Link:
         C:\Program Files (x86)\Microsoft Visual Studio 10.0\VC\bin\link.exe /ERRORREPORT:PROMPT /OUT:"C:\Users\Joxe\CTacticsRPG\CTacticsRPG\Debug\CTacticsRPG.exe" /NOLOGO SDL.lib SDLmain.lib SDL_image.lib OpenGL32.lib kernel32.lib user32.lib gdi32.lib winspool.lib comdlg32.lib advapi32.lib shell32.lib ole32.lib oleaut32.lib uuid.lib odbc32.lib odbccp32.lib /MANIFEST /ManifestFile:"Debug\CTacticsRPG.exe.intermediate.manifest" /MANIFESTUAC:"level='asInvoker' uiAccess='false'" /DEBUG /PDB:"C:\Users\Joxe\CTacticsRPG\CTacticsRPG\Debug\CTacticsRPG.pdb" /SUBSYSTEM:WINDOWS /TLBID:1 /DYNAMICBASE /NXCOMPAT /IMPLIB:"C:\Users\Joxe\CTacticsRPG\CTacticsRPG\Debug\CTacticsRPG.lib" /MACHINE:X86 Debug\Button.obj
         Debug\Camera.obj
         Debug\CameraHandler.obj
         Debug\EventHandler.obj
         Debug\Game.obj
         Debug\GameGUI.obj
         Debug\GameState.obj
         Debug\GraphicsFramework.obj
         Debug\GUIElement.obj
         Debug\KeyboardHandler.obj
         Debug\main.obj
         Debug\MouseHandler.obj
         Debug\PrimitivesFramework.obj
         Debug\ResourceHandler.obj
         Debug\TexturedObject.obj
         Debug\Tile.obj
         Debug\TileMap.obj /NODEFAULTLIB:msvcrt.lib 
         LINK : C:\Users\Joxe\CTacticsRPG\CTacticsRPG\Debug\CTacticsRPG.exe not found or not built by the last incremental link; performing full link
         CTacticsRPG.vcxproj -> C:\Users\Joxe\CTacticsRPG\CTacticsRPG\Debug\CTacticsRPG.exe
       Manifest:
         C:\Program Files (x86)\Microsoft SDKs\Windows\v7.0A\bin\mt.exe /nologo /verbose /outputresource:"C:\Users\Joxe\CTacticsRPG\CTacticsRPG\Debug\CTacticsRPG.exe;#1" /manifest Debug\CTacticsRPG.exe.intermediate.manifest
       FinalizeBuildStatus:
         Deleting file "Debug\CTacticsRPG.unsuccessfulbuild".
         Touching "Debug\CTacticsRPG.lastbuildstate".
     1>Done Building Project "C:\Users\Joxe\CTacticsRPG\CTacticsRPG\CTacticsRPG\CTacticsRPG.vcxproj" (build target(s)).

Build succeeded.

Time Elapsed 00:00:03.41
